<?xml version="1.0" encoding="UTF-8"?>
<!-- Generated by org.testng.reporters.JUnitReportReporter -->
<testsuite hostname="Nandhan" failures="0" tests="1" name="testCases.TC001_AccountRegistrationTest" time="3.001" errors="0" timestamp="2025-09-08T22:37:37 AEST" skipped="0">
  <testcase classname="testCases.TC001_AccountRegistrationTest" name="verify_Account_Registration" time="3.001"/>
</testsuite> <!-- testCases.TC001_AccountRegistrationTest -->
